<?xml version="1.0" encoding="UTF-8" ?>
<testsuite tests="1" failures="0" name="karate.TestRunner" time="0.851" errors="1" skipped="0">
  <properties>
[...]
</properties>
  <testcase classname="[UserTests]" name="[1:2] Fetch all users" time="0.851">
    <error message="UserTests.feature:6 - assert evaluated to false: response.length == 6" type="com.intuit.karate.exception.KarateException">com.intuit.karate.exception.KarateException: UserTests.feature:6 - assert evaluated to false: response.length == 6
	at ✽.And assert response.length == 6 (UserTests.feature:6)
</error>
    <system-out>20:53:18.985 [main] WARN com.intuit.karate - skipping bootstrap configuration: could not find or read file: classpath:karate-config.js
20:53:19.241 [main] DEBUG org.apache.http.client.protocol.RequestAddCookies - CookieSpec selected: karate
20:53:19.248 [main] DEBUG org.apache.http.client.protocol.RequestAuthCache - Auth cache not set in the context
20:53:19.249 [main] DEBUG com.intuit.karate - request:
1 &gt; GET https://reqres.in/api/users/2
1 &gt; Accept-Encoding: gzip,deflate
1 &gt; Connection: Keep-Alive
1 &gt; Host: reqres.in
1 &gt; User-Agent: Apache-HttpClient/4.5.5 (Java/1.8.0_221)

20:53:19.250 [main] DEBUG org.apache.http.impl.conn.PoolingHttpClientConnectionManager - Connection request: [route: {s}-&gt;https://reqres.in:443][total kept alive: 0; route allocated: 0 of 5; total allocated: 0 of 10]
20:53:19.262 [main] DEBUG org.apache.http.impl.conn.PoolingHttpClientConnectionManager - Connection leased: [id: 0][route: {s}-&gt;https://reqres.in:443][total kept alive: 0; route allocated: 1 of 5; total allocated: 1 of 10]
20:53:19.263 [main] DEBUG org.apache.http.impl.execchain.MainClientExec - Opening connection {s}-&gt;https://reqres.in:443
20:53:19.268 [main] DEBUG org.apache.http.impl.conn.DefaultHttpClientConnectionOperator - Connecting to reqres.in/104.27.134.11:443
20:53:19.268 [main] DEBUG org.apache.http.conn.ssl.SSLConnectionSocketFactory - Connecting socket to reqres.in/104.27.134.11:443 with timeout 30000
20:53:19.408 [main] DEBUG org.apache.http.conn.ssl.SSLConnectionSocketFactory - Enabled protocols: [TLSv1, TLSv1.1, TLSv1.2]
20:53:19.408 [main] DEBUG org.apache.http.conn.ssl.SSLConnectionSocketFactory - Enabled cipher suites:[TLS_ECDHE_ECDSA_WITH_AES_256_CBC_SHA384, TLS_ECDHE_RSA_WITH_AES_256_CBC_SHA384, TLS_RSA_WITH_AES_256_CBC_SHA256, TLS_ECDH_ECDSA_WITH_AES_256_CBC_SHA384, TLS_ECDH_RSA_WITH_AES_256_CBC_SHA384, TLS_DHE_RSA_WITH_AES_256_CBC_SHA256, TLS_DHE_DSS_WITH_AES_256_CBC_SHA256, TLS_ECDHE_ECDSA_WITH_AES_256_CBC_SHA, TLS_ECDHE_RSA_WITH_AES_256_CBC_SHA, TLS_RSA_WITH_AES_256_CBC_SHA, TLS_ECDH_ECDSA_WITH_AES_256_CBC_SHA, TLS_ECDH_RSA_WITH_AES_256_CBC_SHA, TLS_DHE_RSA_WITH_AES_256_CBC_SHA, TLS_DHE_DSS_WITH_AES_256_CBC_SHA, TLS_ECDHE_ECDSA_WITH_AES_128_CBC_SHA256, TLS_ECDHE_RSA_WITH_AES_128_CBC_SHA256, TLS_RSA_WITH_AES_128_CBC_SHA256, TLS_ECDH_ECDSA_WITH_AES_128_CBC_SHA256, TLS_ECDH_RSA_WITH_AES_128_CBC_SHA256, TLS_DHE_RSA_WITH_AES_128_CBC_SHA256, TLS_DHE_DSS_WITH_AES_128_CBC_SHA256, TLS_ECDHE_ECDSA_WITH_AES_128_CBC_SHA, TLS_ECDHE_RSA_WITH_AES_128_CBC_SHA, TLS_RSA_WITH_AES_128_CBC_SHA, TLS_ECDH_ECDSA_WITH_AES_128_CBC_SHA, TLS_ECDH_RSA_WITH_AES_128_CBC_SHA, TLS_DHE_RSA_WITH_AES_128_CBC_SHA, TLS_DHE_DSS_WITH_AES_128_CBC_SHA, TLS_ECDHE_ECDSA_WITH_AES_256_GCM_SHA384, TLS_ECDHE_ECDSA_WITH_AES_128_GCM_SHA256, TLS_ECDHE_RSA_WITH_AES_256_GCM_SHA384, TLS_RSA_WITH_AES_256_GCM_SHA384, TLS_ECDH_ECDSA_WITH_AES_256_GCM_SHA384, TLS_ECDH_RSA_WITH_AES_256_GCM_SHA384, TLS_DHE_RSA_WITH_AES_256_GCM_SHA384, TLS_DHE_DSS_WITH_AES_256_GCM_SHA384, TLS_ECDHE_RSA_WITH_AES_128_GCM_SHA256, TLS_RSA_WITH_AES_128_GCM_SHA256, TLS_ECDH_ECDSA_WITH_AES_128_GCM_SHA256, TLS_ECDH_RSA_WITH_AES_128_GCM_SHA256, TLS_DHE_RSA_WITH_AES_128_GCM_SHA256, TLS_DHE_DSS_WITH_AES_128_GCM_SHA256, TLS_EMPTY_RENEGOTIATION_INFO_SCSV]
20:53:19.408 [main] DEBUG org.apache.http.conn.ssl.SSLConnectionSocketFactory - Starting handshake
20:53:19.632 [main] DEBUG org.apache.http.conn.ssl.SSLConnectionSocketFactory - Secure session established
20:53:19.632 [main] DEBUG org.apache.http.conn.ssl.SSLConnectionSocketFactory -  negotiated protocol: TLSv1.2
20:53:19.633 [main] DEBUG org.apache.http.conn.ssl.SSLConnectionSocketFactory -  negotiated cipher suite: TLS_ECDHE_ECDSA_WITH_AES_128_GCM_SHA256
20:53:19.635 [main] DEBUG org.apache.http.conn.ssl.SSLConnectionSocketFactory -  peer principal: CN=sni.cloudflaressl.com, O=&quot;Cloudflare, Inc.&quot;, L=San Francisco, ST=CA, C=US
20:53:19.636 [main] DEBUG org.apache.http.conn.ssl.SSLConnectionSocketFactory -  peer alternative names: [*.reqres.in, reqres.in, sni.cloudflaressl.com]
20:53:19.636 [main] DEBUG org.apache.http.conn.ssl.SSLConnectionSocketFactory -  issuer principal: CN=CloudFlare Inc ECC CA-2, O=&quot;CloudFlare, Inc.&quot;, L=San Francisco, ST=CA, C=US
20:53:19.640 [main] DEBUG org.apache.http.impl.conn.DefaultHttpClientConnectionOperator - Connection established 192.168.100.2:53379&lt;-&gt;104.27.134.11:443
20:53:19.640 [main] DEBUG org.apache.http.impl.conn.DefaultManagedHttpClientConnection - http-outgoing-0: set socket timeout to 30000
20:53:19.640 [main] DEBUG org.apache.http.impl.execchain.MainClientExec - Executing request GET /api/users/2 HTTP/1.1
20:53:19.641 [main] DEBUG org.apache.http.impl.execchain.MainClientExec - Target auth state: UNCHALLENGED
20:53:19.641 [main] DEBUG org.apache.http.impl.execchain.MainClientExec - Proxy auth state: UNCHALLENGED
20:53:19.642 [main] DEBUG org.apache.http.headers - http-outgoing-0 &gt;&gt; GET /api/users/2 HTTP/1.1
20:53:19.642 [main] DEBUG org.apache.http.headers - http-outgoing-0 &gt;&gt; Host: reqres.in
20:53:19.642 [main] DEBUG org.apache.http.headers - http-outgoing-0 &gt;&gt; Connection: Keep-Alive
20:53:19.642 [main] DEBUG org.apache.http.headers - http-outgoing-0 &gt;&gt; User-Agent: Apache-HttpClient/4.5.5 (Java/1.8.0_221)
20:53:19.642 [main] DEBUG org.apache.http.headers - http-outgoing-0 &gt;&gt; Accept-Encoding: gzip,deflate
20:53:19.643 [main] DEBUG org.apache.http.wire - http-outgoing-0 &gt;&gt; &quot;GET /api/users/2 HTTP/1.1[\r][\n]&quot;
20:53:19.643 [main] DEBUG org.apache.http.wire - http-outgoing-0 &gt;&gt; &quot;Host: reqres.in[\r][\n]&quot;
20:53:19.643 [main] DEBUG org.apache.http.wire - http-outgoing-0 &gt;&gt; &quot;Connection: Keep-Alive[\r][\n]&quot;
20:53:19.643 [main] DEBUG org.apache.http.wire - http-outgoing-0 &gt;&gt; &quot;User-Agent: Apache-HttpClient/4.5.5 (Java/1.8.0_221)[\r][\n]&quot;
20:53:19.643 [main] DEBUG org.apache.http.wire - http-outgoing-0 &gt;&gt; &quot;Accept-Encoding: gzip,deflate[\r][\n]&quot;
20:53:19.643 [main] DEBUG org.apache.http.wire - http-outgoing-0 &gt;&gt; &quot;[\r][\n]&quot;
20:53:19.734 [main] DEBUG org.apache.http.wire - http-outgoing-0 &lt;&lt; &quot;HTTP/1.1 200 OK[\r][\n]&quot;
20:53:19.735 [main] DEBUG org.apache.http.wire - http-outgoing-0 &lt;&lt; &quot;Date: Tue, 24 Mar 2020 15:23:20 GMT[\r][\n]&quot;
20:53:19.735 [main] DEBUG org.apache.http.wire - http-outgoing-0 &lt;&lt; &quot;Content-Type: application/json; charset=utf-8[\r][\n]&quot;
20:53:19.735 [main] DEBUG org.apache.http.wire - http-outgoing-0 &lt;&lt; &quot;Transfer-Encoding: chunked[\r][\n]&quot;
20:53:19.735 [main] DEBUG org.apache.http.wire - http-outgoing-0 &lt;&lt; &quot;Connection: keep-alive[\r][\n]&quot;
20:53:19.736 [main] DEBUG org.apache.http.wire - http-outgoing-0 &lt;&lt; &quot;Set-Cookie: __cfduid=da1829518f6fde17418d436ecc66bb5051585063400; expires=Thu, 23-Apr-20 15:23:20 GMT; path=/; domain=.reqres.in; HttpOnly; SameSite=Lax; Secure[\r][\n]&quot;
20:53:19.736 [main] DEBUG org.apache.http.wire - http-outgoing-0 &lt;&lt; &quot;X-Powered-By: Express[\r][\n]&quot;
20:53:19.736 [main] DEBUG org.apache.http.wire - http-outgoing-0 &lt;&lt; &quot;Access-Control-Allow-Origin: *[\r][\n]&quot;
20:53:19.736 [main] DEBUG org.apache.http.wire - http-outgoing-0 &lt;&lt; &quot;Etag: W/&quot;173-1Z8bn0V7UjH6FK7NCaza1ccWXQk&quot;[\r][\n]&quot;
20:53:19.736 [main] DEBUG org.apache.http.wire - http-outgoing-0 &lt;&lt; &quot;Via: 1.1 vegur[\r][\n]&quot;
20:53:19.736 [main] DEBUG org.apache.http.wire - http-outgoing-0 &lt;&lt; &quot;Cache-Control: max-age=14400[\r][\n]&quot;
20:53:19.736 [main] DEBUG org.apache.http.wire - http-outgoing-0 &lt;&lt; &quot;CF-Cache-Status: HIT[\r][\n]&quot;
20:53:19.736 [main] DEBUG org.apache.http.wire - http-outgoing-0 &lt;&lt; &quot;Age: 3978[\r][\n]&quot;
20:53:19.736 [main] DEBUG org.apache.http.wire - http-outgoing-0 &lt;&lt; &quot;Expect-CT: max-age=604800, report-uri=&quot;https://report-uri.cloudflare.com/cdn-cgi/beacon/expect-ct&quot;[\r][\n]&quot;
20:53:19.736 [main] DEBUG org.apache.http.wire - http-outgoing-0 &lt;&lt; &quot;Vary: Accept-Encoding[\r][\n]&quot;
20:53:19.737 [main] DEBUG org.apache.http.wire - http-outgoing-0 &lt;&lt; &quot;Server: cloudflare[\r][\n]&quot;
20:53:19.737 [main] DEBUG org.apache.http.wire - http-outgoing-0 &lt;&lt; &quot;CF-RAY: 5791648c2af8da04-SIN[\r][\n]&quot;
20:53:19.737 [main] DEBUG org.apache.http.wire - http-outgoing-0 &lt;&lt; &quot;Content-Encoding: gzip[\r][\n]&quot;
20:53:19.737 [main] DEBUG org.apache.http.wire - http-outgoing-0 &lt;&lt; &quot;[\r][\n]&quot;
20:53:19.737 [main] DEBUG org.apache.http.wire - http-outgoing-0 &lt;&lt; &quot;111[\r][\n]&quot;
20:53:19.737 [main] DEBUG org.apache.http.wire - http-outgoing-0 &lt;&lt; &quot;[0x1f][0x8b][0x8][0x0][0x0][0x0][0x0][0x0][0x0][0x3]E[0x8e]?O[0xc3]@[0xc][0xc5][0xbf][0x8a][0xe5][0xf9][0x94][0x8]X[0xd0]M 6V[0x86][0x8e][0xc8][0xba]s[0x92]k[0x13]_[0xb0][0x9d][0x84]R[0xf5][0xbb][0xa3][0xb4]H,ox[0xf4]{[0x17][0xcc][0xe4][0x84][0xf1][0x82]%c|[0xc][0xc8][0x13][0x95][0x11]#[0x1e]I[0xd8][0x9b][0x8d]ie}Q[0xfe]R[0xb6][0xa6][0x8][0x6][0xec][0x8a][0x9a][\n]&quot;
20:53:19.737 [main] DEBUG org.apache.http.wire - http-outgoing-0 &lt;&lt; &quot;M[0x8c][0x11][0xdf][0xf7][0x16][0x6][0x1c][0xe9][0xdf];[0xdc]6[0x18][0x90]VrR[0x8c]8[0xb8][0xcf][0x16][0xdb][0xd6][0x9e][0x1a][0x9a][0xe8][0xa7][\n]&quot;
20:53:19.738 [main] DEBUG org.apache.http.wire - http-outgoing-0 &lt;&lt; &quot;m[0xd6][0xa4]:[0xb5]K[0xe9]([0xb1][0xb5]w[0xf5][0xad][0xb8][0xb3][0xb6][0xc7]j&lt;[0xf][0xe6]\[0xa4]}x|n[0x8e]s[0x8f][0xd7][0x80][0x94][0xf7][0x9b][0xa9]N3[0xc9][0x19]#~8[0xf9]bo53[0x1c][0x98]O[0xe3][0x19][0x3].:[0xfe][0xf1]v[0xdc][0xad][0x90]j[0xe6][0xa6]j[0xdf]b@[0xe7]o[0xc7][0x88][0xaf][0xb0][0xdd][0x6] [0xbc][0xd9][0xc8];[0x14][0xba][0x9a][0x16]+[0xd2]C[0x15][0xb0][0xda][0xf9]F[0xca][0x90]y[0xe5][0xb1][0xce][0x13][0x8b][0x7]([0xd2])[0x99][0xeb][0x92]|Q[0xe][0xe0][0x3][0x83][0xb1][0xae][0xac][0x1]f[0xd6][0xae][0xea]D[0x92]8[0x0]I[0xbe][0x87]N[0xe9][0x4],[0x19]j[0x7]&gt;[0x14][0xe9][0xad][0xc1][0xeb][0xf5][0x17]+[0xf5][0xf]us[0x1][0x0][0x0][\r][\n]&quot;
20:53:19.740 [main] DEBUG org.apache.http.headers - http-outgoing-0 &lt;&lt; HTTP/1.1 200 OK
20:53:19.740 [main] DEBUG org.apache.http.headers - http-outgoing-0 &lt;&lt; Date: Tue, 24 Mar 2020 15:23:20 GMT
20:53:19.740 [main] DEBUG org.apache.http.headers - http-outgoing-0 &lt;&lt; Content-Type: application/json; charset=utf-8
20:53:19.740 [main] DEBUG org.apache.http.headers - http-outgoing-0 &lt;&lt; Transfer-Encoding: chunked
20:53:19.740 [main] DEBUG org.apache.http.headers - http-outgoing-0 &lt;&lt; Connection: keep-alive
20:53:19.740 [main] DEBUG org.apache.http.headers - http-outgoing-0 &lt;&lt; Set-Cookie: __cfduid=da1829518f6fde17418d436ecc66bb5051585063400; expires=Thu, 23-Apr-20 15:23:20 GMT; path=/; domain=.reqres.in; HttpOnly; SameSite=Lax; Secure
20:53:19.741 [main] DEBUG org.apache.http.headers - http-outgoing-0 &lt;&lt; X-Powered-By: Express
20:53:19.741 [main] DEBUG org.apache.http.headers - http-outgoing-0 &lt;&lt; Access-Control-Allow-Origin: *
20:53:19.741 [main] DEBUG org.apache.http.headers - http-outgoing-0 &lt;&lt; Etag: W/&quot;173-1Z8bn0V7UjH6FK7NCaza1ccWXQk&quot;
20:53:19.741 [main] DEBUG org.apache.http.headers - http-outgoing-0 &lt;&lt; Via: 1.1 vegur
20:53:19.741 [main] DEBUG org.apache.http.headers - http-outgoing-0 &lt;&lt; Cache-Control: max-age=14400
20:53:19.741 [main] DEBUG org.apache.http.headers - http-outgoing-0 &lt;&lt; CF-Cache-Status: HIT
20:53:19.741 [main] DEBUG org.apache.http.headers - http-outgoing-0 &lt;&lt; Age: 3978
20:53:19.741 [main] DEBUG org.apache.http.headers - http-outgoing-0 &lt;&lt; Expect-CT: max-age=604800, report-uri=&quot;https://report-uri.cloudflare.com/cdn-cgi/beacon/expect-ct&quot;
20:53:19.741 [main] DEBUG org.apache.http.headers - http-outgoing-0 &lt;&lt; Vary: Accept-Encoding
20:53:19.741 [main] DEBUG org.apache.http.headers - http-outgoing-0 &lt;&lt; Server: cloudflare
20:53:19.741 [main] DEBUG org.apache.http.headers - http-outgoing-0 &lt;&lt; CF-RAY: 5791648c2af8da04-SIN
20:53:19.741 [main] DEBUG org.apache.http.headers - http-outgoing-0 &lt;&lt; Content-Encoding: gzip
20:53:19.746 [main] DEBUG org.apache.http.impl.execchain.MainClientExec - Connection can be kept alive indefinitely
20:53:19.755 [main] DEBUG org.apache.http.client.protocol.ResponseProcessCookies - Cookie accepted [__cfduid=&quot;da1829518f6fde17418d436ecc66bb5051585063400&quot;, version:0, domain:reqres.in, path:/, expiry:Thu Apr 23 20:53:20 IST 2020]
20:53:19.757 [main] DEBUG org.apache.http.wire - http-outgoing-0 &lt;&lt; &quot;0[\r][\n]&quot;
20:53:19.757 [main] DEBUG org.apache.http.wire - http-outgoing-0 &lt;&lt; &quot;[\r][\n]&quot;
20:53:19.757 [main] DEBUG org.apache.http.impl.conn.PoolingHttpClientConnectionManager - Connection [id: 0][route: {s}-&gt;https://reqres.in:443] can be kept alive indefinitely
20:53:19.758 [main] DEBUG org.apache.http.impl.conn.DefaultManagedHttpClientConnection - http-outgoing-0: set socket timeout to 0
20:53:19.758 [main] DEBUG org.apache.http.impl.conn.PoolingHttpClientConnectionManager - Connection released: [id: 0][route: {s}-&gt;https://reqres.in:443][total kept alive: 1; route allocated: 1 of 5; total allocated: 1 of 10]
20:53:19.758 [main] DEBUG com.intuit.karate - response time in milliseconds: 506.32
1 &lt; 200
1 &lt; Access-Control-Allow-Origin: *
1 &lt; Age: 3978
1 &lt; CF-Cache-Status: HIT
1 &lt; CF-RAY: 5791648c2af8da04-SIN
1 &lt; Cache-Control: max-age=14400
1 &lt; Connection: keep-alive
1 &lt; Content-Type: application/json; charset=utf-8
1 &lt; Date: Tue, 24 Mar 2020 15:23:20 GMT
1 &lt; Etag: W/&quot;173-1Z8bn0V7UjH6FK7NCaza1ccWXQk&quot;
1 &lt; Expect-CT: max-age=604800, report-uri=&quot;https://report-uri.cloudflare.com/cdn-cgi/beacon/expect-ct&quot;
1 &lt; Server: cloudflare
1 &lt; Set-Cookie: __cfduid=da1829518f6fde17418d436ecc66bb5051585063400; expires=Thu, 23-Apr-20 15:23:20 GMT; path=/; domain=.reqres.in; HttpOnly; SameSite=Lax; Secure
1 &lt; Transfer-Encoding: chunked
1 &lt; Vary: Accept-Encoding
1 &lt; Via: 1.1 vegur
1 &lt; X-Powered-By: Express
{&quot;data&quot;:{&quot;id&quot;:2,&quot;email&quot;:&quot;janet.weaver@reqres.in&quot;,&quot;first_name&quot;:&quot;Janet&quot;,&quot;last_name&quot;:&quot;Weaver&quot;,&quot;avatar&quot;:&quot;https://s3.amazonaws.com/uifaces/faces/twitter/josephstein/128.jpg&quot;},&quot;ad&quot;:{&quot;company&quot;:&quot;StatusCode Weekly&quot;,&quot;url&quot;:&quot;http://statuscode.org/&quot;,&quot;text&quot;:&quot;A weekly newsletter focusing on software development, infrastructure, the server, performance, and the stack end of things.&quot;}}

20:53:19.802 [Finalizer] DEBUG org.apache.http.impl.conn.PoolingHttpClientConnectionManager - Connection manager is shutting down
20:53:19.802 [Finalizer] DEBUG org.apache.http.impl.conn.DefaultManagedHttpClientConnection - http-outgoing-0: Close connection
20:53:19.803 [Finalizer] DEBUG org.apache.http.impl.conn.PoolingHttpClientConnectionManager - Connection manager shut down
20:53:19.828 [main] DEBUG com.jayway.jsonpath.internal.path.CompiledPath - Evaluating path: $
20:53:19.835 [main] ERROR com.intuit.karate - assertion failed: assert evaluated to false: response.length == 6
</system-out>
  </testcase>
</testsuite>